<?xml version="1.0" encoding="UTF-8"?>
<testsuite xmlns:xsi="http://www.w3.org/2001/XMLSchema-instance" xsi:noNamespaceSchemaLocation="https://maven.apache.org/surefire/maven-surefire-plugin/xsd/surefire-test-report.xsd" name="com.freedom.AppTest" time="0.095" tests="1" errors="0" skipped="0" failures="0">
  <properties>
    <property name="sun.desktop" value="windows"/>
    <property name="awt.toolkit" value="sun.awt.windows.WToolkit"/>
    <property name="file.encoding.pkg" value="sun.io"/>
    <property name="java.specification.version" value="1.8"/>
    <property name="sun.cpu.isalist" value="amd64"/>
    <property name="sun.jnu.encoding" value="GBK"/>
    <property name="java.class.path" value="D:\IdeaProjects\microservicecloud\microservicecloud-provider-dept-8001\target\test-classes;D:\IdeaProjects\microservicecloud\microservicecloud-provider-dept-8001\target\classes;D:\IdeaProjects\microservicecloud\microservicecloud-api\target\microservicecloud-api-0.0.1-SNAPSHOT.jar;D:\mvn_rep\org\springframework\boot\spring-boot-starter-actuator\2.0.3.RELEASE\spring-boot-starter-actuator-2.0.3.RELEASE.jar;D:\mvn_rep\org\springframework\boot\spring-boot-starter\2.0.3.RELEASE\spring-boot-starter-2.0.3.RELEASE.jar;D:\mvn_rep\org\springframework\boot\spring-boot-starter-logging\2.0.3.RELEASE\spring-boot-starter-logging-2.0.3.RELEASE.jar;D:\mvn_rep\ch\qos\logback\logback-classic\1.2.3\logback-classic-1.2.3.jar;D:\mvn_rep\org\apache\logging\log4j\log4j-to-slf4j\2.10.0\log4j-to-slf4j-2.10.0.jar;D:\mvn_rep\org\apache\logging\log4j\log4j-api\2.10.0\log4j-api-2.10.0.jar;D:\mvn_rep\org\slf4j\jul-to-slf4j\1.7.25\jul-to-slf4j-1.7.25.jar;D:\mvn_rep\javax\annotation\javax.annotation-api\1.3.2\javax.annotation-api-1.3.2.jar;D:\mvn_rep\org\yaml\snakeyaml\1.19\snakeyaml-1.19.jar;D:\mvn_rep\org\springframework\boot\spring-boot-actuator-autoconfigure\2.0.3.RELEASE\spring-boot-actuator-autoconfigure-2.0.3.RELEASE.jar;D:\mvn_rep\org\springframework\boot\spring-boot-actuator\2.0.3.RELEASE\spring-boot-actuator-2.0.3.RELEASE.jar;D:\mvn_rep\com\fasterxml\jackson\core\jackson-databind\2.9.6\jackson-databind-2.9.6.jar;D:\mvn_rep\com\fasterxml\jackson\core\jackson-annotations\2.9.0\jackson-annotations-2.9.0.jar;D:\mvn_rep\com\fasterxml\jackson\core\jackson-core\2.9.6\jackson-core-2.9.6.jar;D:\mvn_rep\org\springframework\spring-context\5.0.7.RELEASE\spring-context-5.0.7.RELEASE.jar;D:\mvn_rep\com\fasterxml\jackson\datatype\jackson-datatype-jsr310\2.9.6\jackson-datatype-jsr310-2.9.6.jar;D:\mvn_rep\io\micrometer\micrometer-core\1.0.5\micrometer-core-1.0.5.jar;D:\mvn_rep\org\hdrhistogram\HdrHistogram\2.1.10\HdrHistogram-2.1.10.jar;D:\mvn_rep\org\latencyutils\LatencyUtils\2.0.3\LatencyUtils-2.0.3.jar;D:\mvn_rep\junit\junit\4.12\junit-4.12.jar;D:\mvn_rep\org\hamcrest\hamcrest-core\1.3\hamcrest-core-1.3.jar;D:\mvn_rep\mysql\mysql-connector-java\5.1.46\mysql-connector-java-5.1.46.jar;D:\mvn_rep\com\alibaba\druid\1.0.31\druid-1.0.31.jar;D:\java\jdk1.8.0_151\jre\..\lib\jconsole.jar;D:\java\jdk1.8.0_151\jre\..\lib\tools.jar;D:\mvn_rep\ch\qos\logback\logback-core\1.2.3\logback-core-1.2.3.jar;D:\mvn_rep\org\mybatis\spring\boot\mybatis-spring-boot-starter\1.3.0\mybatis-spring-boot-starter-1.3.0.jar;D:\mvn_rep\org\springframework\boot\spring-boot-starter-jdbc\2.0.3.RELEASE\spring-boot-starter-jdbc-2.0.3.RELEASE.jar;D:\mvn_rep\com\zaxxer\HikariCP\2.7.9\HikariCP-2.7.9.jar;D:\mvn_rep\org\springframework\spring-jdbc\5.0.7.RELEASE\spring-jdbc-5.0.7.RELEASE.jar;D:\mvn_rep\org\springframework\spring-tx\5.0.7.RELEASE\spring-tx-5.0.7.RELEASE.jar;D:\mvn_rep\org\mybatis\spring\boot\mybatis-spring-boot-autoconfigure\1.3.0\mybatis-spring-boot-autoconfigure-1.3.0.jar;D:\mvn_rep\org\mybatis\mybatis\3.4.4\mybatis-3.4.4.jar;D:\mvn_rep\org\mybatis\mybatis-spring\1.3.1\mybatis-spring-1.3.1.jar;D:\mvn_rep\org\springframework\boot\spring-boot-starter-jetty\2.0.3.RELEASE\spring-boot-starter-jetty-2.0.3.RELEASE.jar;D:\mvn_rep\org\eclipse\jetty\jetty-servlets\9.4.11.v20180605\jetty-servlets-9.4.11.v20180605.jar;D:\mvn_rep\org\eclipse\jetty\jetty-continuation\9.4.11.v20180605\jetty-continuation-9.4.11.v20180605.jar;D:\mvn_rep\org\eclipse\jetty\jetty-http\9.4.11.v20180605\jetty-http-9.4.11.v20180605.jar;D:\mvn_rep\org\eclipse\jetty\jetty-util\9.4.11.v20180605\jetty-util-9.4.11.v20180605.jar;D:\mvn_rep\org\eclipse\jetty\jetty-io\9.4.11.v20180605\jetty-io-9.4.11.v20180605.jar;D:\mvn_rep\org\eclipse\jetty\jetty-webapp\9.4.11.v20180605\jetty-webapp-9.4.11.v20180605.jar;D:\mvn_rep\org\eclipse\jetty\jetty-xml\9.4.11.v20180605\jetty-xml-9.4.11.v20180605.jar;D:\mvn_rep\org\eclipse\jetty\jetty-servlet\9.4.11.v20180605\jetty-servlet-9.4.11.v20180605.jar;D:\mvn_rep\org\eclipse\jetty\jetty-security\9.4.11.v20180605\jetty-security-9.4.11.v20180605.jar;D:\mvn_rep\org\eclipse\jetty\jetty-server\9.4.11.v20180605\jetty-server-9.4.11.v20180605.jar;D:\mvn_rep\org\eclipse\jetty\websocket\websocket-server\9.4.11.v20180605\websocket-server-9.4.11.v20180605.jar;D:\mvn_rep\org\eclipse\jetty\websocket\websocket-common\9.4.11.v20180605\websocket-common-9.4.11.v20180605.jar;D:\mvn_rep\org\eclipse\jetty\websocket\websocket-api\9.4.11.v20180605\websocket-api-9.4.11.v20180605.jar;D:\mvn_rep\org\eclipse\jetty\websocket\websocket-client\9.4.11.v20180605\websocket-client-9.4.11.v20180605.jar;D:\mvn_rep\org\eclipse\jetty\jetty-client\9.4.11.v20180605\jetty-client-9.4.11.v20180605.jar;D:\mvn_rep\org\eclipse\jetty\websocket\websocket-servlet\9.4.11.v20180605\websocket-servlet-9.4.11.v20180605.jar;D:\mvn_rep\javax\servlet\javax.servlet-api\3.1.0\javax.servlet-api-3.1.0.jar;D:\mvn_rep\org\eclipse\jetty\websocket\javax-websocket-server-impl\9.4.11.v20180605\javax-websocket-server-impl-9.4.11.v20180605.jar;D:\mvn_rep\org\eclipse\jetty\jetty-annotations\9.4.11.v20180605\jetty-annotations-9.4.11.v20180605.jar;D:\mvn_rep\org\eclipse\jetty\jetty-plus\9.4.11.v20180605\jetty-plus-9.4.11.v20180605.jar;D:\mvn_rep\org\ow2\asm\asm\6.2\asm-6.2.jar;D:\mvn_rep\org\ow2\asm\asm-commons\6.2\asm-commons-6.2.jar;D:\mvn_rep\org\ow2\asm\asm-tree\6.2\asm-tree-6.2.jar;D:\mvn_rep\org\ow2\asm\asm-analysis\6.2\asm-analysis-6.2.jar;D:\mvn_rep\org\eclipse\jetty\websocket\javax-websocket-client-impl\9.4.11.v20180605\javax-websocket-client-impl-9.4.11.v20180605.jar;D:\mvn_rep\javax\websocket\javax.websocket-api\1.0\javax.websocket-api-1.0.jar;D:\mvn_rep\org\mortbay\jasper\apache-el\8.5.24.2\apache-el-8.5.24.2.jar;D:\mvn_rep\org\springframework\boot\spring-boot-starter-web\2.0.3.RELEASE\spring-boot-starter-web-2.0.3.RELEASE.jar;D:\mvn_rep\org\springframework\boot\spring-boot-starter-json\2.0.3.RELEASE\spring-boot-starter-json-2.0.3.RELEASE.jar;D:\mvn_rep\com\fasterxml\jackson\datatype\jackson-datatype-jdk8\2.9.6\jackson-datatype-jdk8-2.9.6.jar;D:\mvn_rep\com\fasterxml\jackson\module\jackson-module-parameter-names\2.9.6\jackson-module-parameter-names-2.9.6.jar;D:\mvn_rep\org\springframework\boot\spring-boot-starter-tomcat\2.0.3.RELEASE\spring-boot-starter-tomcat-2.0.3.RELEASE.jar;D:\mvn_rep\org\apache\tomcat\embed\tomcat-embed-core\8.5.31\tomcat-embed-core-8.5.31.jar;D:\mvn_rep\org\apache\tomcat\embed\tomcat-embed-el\8.5.31\tomcat-embed-el-8.5.31.jar;D:\mvn_rep\org\apache\tomcat\embed\tomcat-embed-websocket\8.5.31\tomcat-embed-websocket-8.5.31.jar;D:\mvn_rep\org\hibernate\validator\hibernate-validator\6.0.10.Final\hibernate-validator-6.0.10.Final.jar;D:\mvn_rep\javax\validation\validation-api\2.0.1.Final\validation-api-2.0.1.Final.jar;D:\mvn_rep\org\jboss\logging\jboss-logging\3.3.2.Final\jboss-logging-3.3.2.Final.jar;D:\mvn_rep\com\fasterxml\classmate\1.3.4\classmate-1.3.4.jar;D:\mvn_rep\org\springframework\spring-web\5.0.7.RELEASE\spring-web-5.0.7.RELEASE.jar;D:\mvn_rep\org\springframework\spring-beans\5.0.7.RELEASE\spring-beans-5.0.7.RELEASE.jar;D:\mvn_rep\org\springframework\spring-webmvc\5.0.7.RELEASE\spring-webmvc-5.0.7.RELEASE.jar;D:\mvn_rep\org\springframework\spring-aop\5.0.7.RELEASE\spring-aop-5.0.7.RELEASE.jar;D:\mvn_rep\org\springframework\spring-expression\5.0.7.RELEASE\spring-expression-5.0.7.RELEASE.jar;D:\mvn_rep\org\springframework\boot\spring-boot-starter-test\2.0.3.RELEASE\spring-boot-starter-test-2.0.3.RELEASE.jar;D:\mvn_rep\org\springframework\boot\spring-boot-test\2.0.3.RELEASE\spring-boot-test-2.0.3.RELEASE.jar;D:\mvn_rep\org\springframework\boot\spring-boot-test-autoconfigure\2.0.3.RELEASE\spring-boot-test-autoconfigure-2.0.3.RELEASE.jar;D:\mvn_rep\com\jayway\jsonpath\json-path\2.4.0\json-path-2.4.0.jar;D:\mvn_rep\net\minidev\json-smart\2.3\json-smart-2.3.jar;D:\mvn_rep\net\minidev\accessors-smart\1.2\accessors-smart-1.2.jar;D:\mvn_rep\org\slf4j\slf4j-api\1.7.25\slf4j-api-1.7.25.jar;D:\mvn_rep\org\assertj\assertj-core\3.9.1\assertj-core-3.9.1.jar;D:\mvn_rep\org\mockito\mockito-core\2.15.0\mockito-core-2.15.0.jar;D:\mvn_rep\net\bytebuddy\byte-buddy\1.7.11\byte-buddy-1.7.11.jar;D:\mvn_rep\net\bytebuddy\byte-buddy-agent\1.7.11\byte-buddy-agent-1.7.11.jar;D:\mvn_rep\org\objenesis\objenesis\2.6\objenesis-2.6.jar;D:\mvn_rep\org\hamcrest\hamcrest-library\1.3\hamcrest-library-1.3.jar;D:\mvn_rep\org\skyscreamer\jsonassert\1.5.0\jsonassert-1.5.0.jar;D:\mvn_rep\com\vaadin\external\google\android-json\0.0.20131108.vaadin1\android-json-0.0.20131108.vaadin1.jar;D:\mvn_rep\org\springframework\spring-core\5.0.7.RELEASE\spring-core-5.0.7.RELEASE.jar;D:\mvn_rep\org\springframework\spring-jcl\5.0.7.RELEASE\spring-jcl-5.0.7.RELEASE.jar;D:\mvn_rep\org\springframework\spring-test\5.0.7.RELEASE\spring-test-5.0.7.RELEASE.jar;D:\mvn_rep\org\xmlunit\xmlunit-core\2.5.1\xmlunit-core-2.5.1.jar;D:\mvn_rep\org\springframework\boot\spring-boot-devtools\2.0.3.RELEASE\spring-boot-devtools-2.0.3.RELEASE.jar;D:\mvn_rep\org\springframework\boot\spring-boot\2.0.3.RELEASE\spring-boot-2.0.3.RELEASE.jar;D:\mvn_rep\org\springframework\boot\spring-boot-autoconfigure\2.0.3.RELEASE\spring-boot-autoconfigure-2.0.3.RELEASE.jar;"/>
    <property name="java.vm.vendor" value="Oracle Corporation"/>
    <property name="sun.arch.data.model" value="64"/>
    <property name="user.variant" value=""/>
    <property name="java.vendor.url" value="http://java.oracle.com/"/>
    <property name="user.timezone" value=""/>
    <property name="java.vm.specification.version" value="1.8"/>
    <property name="os.name" value="Windows 7"/>
    <property name="user.country" value="CN"/>
    <property name="sun.java.launcher" value="SUN_STANDARD"/>
    <property name="sun.boot.library.path" value="D:\java\jdk1.8.0_151\jre\bin"/>
    <property name="sun.java.command" value="C:\Users\liyao\AppData\Local\Temp\surefire6367695613006180071\surefirebooter4432255530798780799.jar C:\Users\liyao\AppData\Local\Temp\surefire6367695613006180071 2019-06-04T22-46-28_561-jvmRun1 surefire2371310055121599280tmp surefire_14576540071144798099tmp"/>
    <property name="surefire.test.class.path" value="D:\IdeaProjects\microservicecloud\microservicecloud-provider-dept-8001\target\test-classes;D:\IdeaProjects\microservicecloud\microservicecloud-provider-dept-8001\target\classes;D:\IdeaProjects\microservicecloud\microservicecloud-api\target\microservicecloud-api-0.0.1-SNAPSHOT.jar;D:\mvn_rep\org\springframework\boot\spring-boot-starter-actuator\2.0.3.RELEASE\spring-boot-starter-actuator-2.0.3.RELEASE.jar;D:\mvn_rep\org\springframework\boot\spring-boot-starter\2.0.3.RELEASE\spring-boot-starter-2.0.3.RELEASE.jar;D:\mvn_rep\org\springframework\boot\spring-boot-starter-logging\2.0.3.RELEASE\spring-boot-starter-logging-2.0.3.RELEASE.jar;D:\mvn_rep\ch\qos\logback\logback-classic\1.2.3\logback-classic-1.2.3.jar;D:\mvn_rep\org\apache\logging\log4j\log4j-to-slf4j\2.10.0\log4j-to-slf4j-2.10.0.jar;D:\mvn_rep\org\apache\logging\log4j\log4j-api\2.10.0\log4j-api-2.10.0.jar;D:\mvn_rep\org\slf4j\jul-to-slf4j\1.7.25\jul-to-slf4j-1.7.25.jar;D:\mvn_rep\javax\annotation\javax.annotation-api\1.3.2\javax.annotation-api-1.3.2.jar;D:\mvn_rep\org\yaml\snakeyaml\1.19\snakeyaml-1.19.jar;D:\mvn_rep\org\springframework\boot\spring-boot-actuator-autoconfigure\2.0.3.RELEASE\spring-boot-actuator-autoconfigure-2.0.3.RELEASE.jar;D:\mvn_rep\org\springframework\boot\spring-boot-actuator\2.0.3.RELEASE\spring-boot-actuator-2.0.3.RELEASE.jar;D:\mvn_rep\com\fasterxml\jackson\core\jackson-databind\2.9.6\jackson-databind-2.9.6.jar;D:\mvn_rep\com\fasterxml\jackson\core\jackson-annotations\2.9.0\jackson-annotations-2.9.0.jar;D:\mvn_rep\com\fasterxml\jackson\core\jackson-core\2.9.6\jackson-core-2.9.6.jar;D:\mvn_rep\org\springframework\spring-context\5.0.7.RELEASE\spring-context-5.0.7.RELEASE.jar;D:\mvn_rep\com\fasterxml\jackson\datatype\jackson-datatype-jsr310\2.9.6\jackson-datatype-jsr310-2.9.6.jar;D:\mvn_rep\io\micrometer\micrometer-core\1.0.5\micrometer-core-1.0.5.jar;D:\mvn_rep\org\hdrhistogram\HdrHistogram\2.1.10\HdrHistogram-2.1.10.jar;D:\mvn_rep\org\latencyutils\LatencyUtils\2.0.3\LatencyUtils-2.0.3.jar;D:\mvn_rep\junit\junit\4.12\junit-4.12.jar;D:\mvn_rep\org\hamcrest\hamcrest-core\1.3\hamcrest-core-1.3.jar;D:\mvn_rep\mysql\mysql-connector-java\5.1.46\mysql-connector-java-5.1.46.jar;D:\mvn_rep\com\alibaba\druid\1.0.31\druid-1.0.31.jar;D:\java\jdk1.8.0_151\jre\..\lib\jconsole.jar;D:\java\jdk1.8.0_151\jre\..\lib\tools.jar;D:\mvn_rep\ch\qos\logback\logback-core\1.2.3\logback-core-1.2.3.jar;D:\mvn_rep\org\mybatis\spring\boot\mybatis-spring-boot-starter\1.3.0\mybatis-spring-boot-starter-1.3.0.jar;D:\mvn_rep\org\springframework\boot\spring-boot-starter-jdbc\2.0.3.RELEASE\spring-boot-starter-jdbc-2.0.3.RELEASE.jar;D:\mvn_rep\com\zaxxer\HikariCP\2.7.9\HikariCP-2.7.9.jar;D:\mvn_rep\org\springframework\spring-jdbc\5.0.7.RELEASE\spring-jdbc-5.0.7.RELEASE.jar;D:\mvn_rep\org\springframework\spring-tx\5.0.7.RELEASE\spring-tx-5.0.7.RELEASE.jar;D:\mvn_rep\org\mybatis\spring\boot\mybatis-spring-boot-autoconfigure\1.3.0\mybatis-spring-boot-autoconfigure-1.3.0.jar;D:\mvn_rep\org\mybatis\mybatis\3.4.4\mybatis-3.4.4.jar;D:\mvn_rep\org\mybatis\mybatis-spring\1.3.1\mybatis-spring-1.3.1.jar;D:\mvn_rep\org\springframework\boot\spring-boot-starter-jetty\2.0.3.RELEASE\spring-boot-starter-jetty-2.0.3.RELEASE.jar;D:\mvn_rep\org\eclipse\jetty\jetty-servlets\9.4.11.v20180605\jetty-servlets-9.4.11.v20180605.jar;D:\mvn_rep\org\eclipse\jetty\jetty-continuation\9.4.11.v20180605\jetty-continuation-9.4.11.v20180605.jar;D:\mvn_rep\org\eclipse\jetty\jetty-http\9.4.11.v20180605\jetty-http-9.4.11.v20180605.jar;D:\mvn_rep\org\eclipse\jetty\jetty-util\9.4.11.v20180605\jetty-util-9.4.11.v20180605.jar;D:\mvn_rep\org\eclipse\jetty\jetty-io\9.4.11.v20180605\jetty-io-9.4.11.v20180605.jar;D:\mvn_rep\org\eclipse\jetty\jetty-webapp\9.4.11.v20180605\jetty-webapp-9.4.11.v20180605.jar;D:\mvn_rep\org\eclipse\jetty\jetty-xml\9.4.11.v20180605\jetty-xml-9.4.11.v20180605.jar;D:\mvn_rep\org\eclipse\jetty\jetty-servlet\9.4.11.v20180605\jetty-servlet-9.4.11.v20180605.jar;D:\mvn_rep\org\eclipse\jetty\jetty-security\9.4.11.v20180605\jetty-security-9.4.11.v20180605.jar;D:\mvn_rep\org\eclipse\jetty\jetty-server\9.4.11.v20180605\jetty-server-9.4.11.v20180605.jar;D:\mvn_rep\org\eclipse\jetty\websocket\websocket-server\9.4.11.v20180605\websocket-server-9.4.11.v20180605.jar;D:\mvn_rep\org\eclipse\jetty\websocket\websocket-common\9.4.11.v20180605\websocket-common-9.4.11.v20180605.jar;D:\mvn_rep\org\eclipse\jetty\websocket\websocket-api\9.4.11.v20180605\websocket-api-9.4.11.v20180605.jar;D:\mvn_rep\org\eclipse\jetty\websocket\websocket-client\9.4.11.v20180605\websocket-client-9.4.11.v20180605.jar;D:\mvn_rep\org\eclipse\jetty\jetty-client\9.4.11.v20180605\jetty-client-9.4.11.v20180605.jar;D:\mvn_rep\org\eclipse\jetty\websocket\websocket-servlet\9.4.11.v20180605\websocket-servlet-9.4.11.v20180605.jar;D:\mvn_rep\javax\servlet\javax.servlet-api\3.1.0\javax.servlet-api-3.1.0.jar;D:\mvn_rep\org\eclipse\jetty\websocket\javax-websocket-server-impl\9.4.11.v20180605\javax-websocket-server-impl-9.4.11.v20180605.jar;D:\mvn_rep\org\eclipse\jetty\jetty-annotations\9.4.11.v20180605\jetty-annotations-9.4.11.v20180605.jar;D:\mvn_rep\org\eclipse\jetty\jetty-plus\9.4.11.v20180605\jetty-plus-9.4.11.v20180605.jar;D:\mvn_rep\org\ow2\asm\asm\6.2\asm-6.2.jar;D:\mvn_rep\org\ow2\asm\asm-commons\6.2\asm-commons-6.2.jar;D:\mvn_rep\org\ow2\asm\asm-tree\6.2\asm-tree-6.2.jar;D:\mvn_rep\org\ow2\asm\asm-analysis\6.2\asm-analysis-6.2.jar;D:\mvn_rep\org\eclipse\jetty\websocket\javax-websocket-client-impl\9.4.11.v20180605\javax-websocket-client-impl-9.4.11.v20180605.jar;D:\mvn_rep\javax\websocket\javax.websocket-api\1.0\javax.websocket-api-1.0.jar;D:\mvn_rep\org\mortbay\jasper\apache-el\8.5.24.2\apache-el-8.5.24.2.jar;D:\mvn_rep\org\springframework\boot\spring-boot-starter-web\2.0.3.RELEASE\spring-boot-starter-web-2.0.3.RELEASE.jar;D:\mvn_rep\org\springframework\boot\spring-boot-starter-json\2.0.3.RELEASE\spring-boot-starter-json-2.0.3.RELEASE.jar;D:\mvn_rep\com\fasterxml\jackson\datatype\jackson-datatype-jdk8\2.9.6\jackson-datatype-jdk8-2.9.6.jar;D:\mvn_rep\com\fasterxml\jackson\module\jackson-module-parameter-names\2.9.6\jackson-module-parameter-names-2.9.6.jar;D:\mvn_rep\org\springframework\boot\spring-boot-starter-tomcat\2.0.3.RELEASE\spring-boot-starter-tomcat-2.0.3.RELEASE.jar;D:\mvn_rep\org\apache\tomcat\embed\tomcat-embed-core\8.5.31\tomcat-embed-core-8.5.31.jar;D:\mvn_rep\org\apache\tomcat\embed\tomcat-embed-el\8.5.31\tomcat-embed-el-8.5.31.jar;D:\mvn_rep\org\apache\tomcat\embed\tomcat-embed-websocket\8.5.31\tomcat-embed-websocket-8.5.31.jar;D:\mvn_rep\org\hibernate\validator\hibernate-validator\6.0.10.Final\hibernate-validator-6.0.10.Final.jar;D:\mvn_rep\javax\validation\validation-api\2.0.1.Final\validation-api-2.0.1.Final.jar;D:\mvn_rep\org\jboss\logging\jboss-logging\3.3.2.Final\jboss-logging-3.3.2.Final.jar;D:\mvn_rep\com\fasterxml\classmate\1.3.4\classmate-1.3.4.jar;D:\mvn_rep\org\springframework\spring-web\5.0.7.RELEASE\spring-web-5.0.7.RELEASE.jar;D:\mvn_rep\org\springframework\spring-beans\5.0.7.RELEASE\spring-beans-5.0.7.RELEASE.jar;D:\mvn_rep\org\springframework\spring-webmvc\5.0.7.RELEASE\spring-webmvc-5.0.7.RELEASE.jar;D:\mvn_rep\org\springframework\spring-aop\5.0.7.RELEASE\spring-aop-5.0.7.RELEASE.jar;D:\mvn_rep\org\springframework\spring-expression\5.0.7.RELEASE\spring-expression-5.0.7.RELEASE.jar;D:\mvn_rep\org\springframework\boot\spring-boot-starter-test\2.0.3.RELEASE\spring-boot-starter-test-2.0.3.RELEASE.jar;D:\mvn_rep\org\springframework\boot\spring-boot-test\2.0.3.RELEASE\spring-boot-test-2.0.3.RELEASE.jar;D:\mvn_rep\org\springframework\boot\spring-boot-test-autoconfigure\2.0.3.RELEASE\spring-boot-test-autoconfigure-2.0.3.RELEASE.jar;D:\mvn_rep\com\jayway\jsonpath\json-path\2.4.0\json-path-2.4.0.jar;D:\mvn_rep\net\minidev\json-smart\2.3\json-smart-2.3.jar;D:\mvn_rep\net\minidev\accessors-smart\1.2\accessors-smart-1.2.jar;D:\mvn_rep\org\slf4j\slf4j-api\1.7.25\slf4j-api-1.7.25.jar;D:\mvn_rep\org\assertj\assertj-core\3.9.1\assertj-core-3.9.1.jar;D:\mvn_rep\org\mockito\mockito-core\2.15.0\mockito-core-2.15.0.jar;D:\mvn_rep\net\bytebuddy\byte-buddy\1.7.11\byte-buddy-1.7.11.jar;D:\mvn_rep\net\bytebuddy\byte-buddy-agent\1.7.11\byte-buddy-agent-1.7.11.jar;D:\mvn_rep\org\objenesis\objenesis\2.6\objenesis-2.6.jar;D:\mvn_rep\org\hamcrest\hamcrest-library\1.3\hamcrest-library-1.3.jar;D:\mvn_rep\org\skyscreamer\jsonassert\1.5.0\jsonassert-1.5.0.jar;D:\mvn_rep\com\vaadin\external\google\android-json\0.0.20131108.vaadin1\android-json-0.0.20131108.vaadin1.jar;D:\mvn_rep\org\springframework\spring-core\5.0.7.RELEASE\spring-core-5.0.7.RELEASE.jar;D:\mvn_rep\org\springframework\spring-jcl\5.0.7.RELEASE\spring-jcl-5.0.7.RELEASE.jar;D:\mvn_rep\org\springframework\spring-test\5.0.7.RELEASE\spring-test-5.0.7.RELEASE.jar;D:\mvn_rep\org\xmlunit\xmlunit-core\2.5.1\xmlunit-core-2.5.1.jar;D:\mvn_rep\org\springframework\boot\spring-boot-devtools\2.0.3.RELEASE\spring-boot-devtools-2.0.3.RELEASE.jar;D:\mvn_rep\org\springframework\boot\spring-boot\2.0.3.RELEASE\spring-boot-2.0.3.RELEASE.jar;D:\mvn_rep\org\springframework\boot\spring-boot-autoconfigure\2.0.3.RELEASE\spring-boot-autoconfigure-2.0.3.RELEASE.jar;"/>
    <property name="sun.cpu.endian" value="little"/>
    <property name="user.home" value="C:\Users\liyao"/>
    <property name="user.language" value="zh"/>
    <property name="java.specification.vendor" value="Oracle Corporation"/>
    <property name="java.home" value="D:\java\jdk1.8.0_151\jre"/>
    <property name="basedir" value="D:\IdeaProjects\microservicecloud\microservicecloud-provider-dept-8001"/>
    <property name="file.separator" value="\"/>
    <property name="line.separator" value="&#10;"/>
    <property name="java.vm.specification.vendor" value="Oracle Corporation"/>
    <property name="java.specification.name" value="Java Platform API Specification"/>
    <property name="java.awt.graphicsenv" value="sun.awt.Win32GraphicsEnvironment"/>
    <property name="surefire.real.class.path" value="C:\Users\liyao\AppData\Local\Temp\surefire6367695613006180071\surefirebooter4432255530798780799.jar"/>
    <property name="sun.boot.class.path" value="D:\java\jdk1.8.0_151\jre\lib\resources.jar;D:\java\jdk1.8.0_151\jre\lib\rt.jar;D:\java\jdk1.8.0_151\jre\lib\sunrsasign.jar;D:\java\jdk1.8.0_151\jre\lib\jsse.jar;D:\java\jdk1.8.0_151\jre\lib\jce.jar;D:\java\jdk1.8.0_151\jre\lib\charsets.jar;D:\java\jdk1.8.0_151\jre\lib\jfr.jar;D:\java\jdk1.8.0_151\jre\classes"/>
    <property name="user.script" value=""/>
    <property name="sun.management.compiler" value="HotSpot 64-Bit Tiered Compilers"/>
    <property name="java.runtime.version" value="1.8.0_151-b12"/>
    <property name="user.name" value="liyao"/>
    <property name="path.separator" value=";"/>
    <property name="os.version" value="6.1"/>
    <property name="java.endorsed.dirs" value="D:\java\jdk1.8.0_151\jre\lib\endorsed"/>
    <property name="java.runtime.name" value="Java(TM) SE Runtime Environment"/>
    <property name="file.encoding" value="GBK"/>
    <property name="java.vm.name" value="Java HotSpot(TM) 64-Bit Server VM"/>
    <property name="localRepository" value="D:\mvn_rep"/>
    <property name="java.vendor.url.bug" value="http://bugreport.sun.com/bugreport/"/>
    <property name="java.io.tmpdir" value="C:\Users\liyao\AppData\Local\Temp\"/>
    <property name="java.version" value="1.8.0_151"/>
    <property name="user.dir" value="D:\IdeaProjects\microservicecloud\microservicecloud-provider-dept-8001"/>
    <property name="os.arch" value="amd64"/>
    <property name="java.vm.specification.name" value="Java Virtual Machine Specification"/>
    <property name="java.awt.printerjob" value="sun.awt.windows.WPrinterJob"/>
    <property name="sun.os.patch.level" value="Service Pack 1"/>
    <property name="java.library.path" value="D:\java\jdk1.8.0_151\jre\bin;C:\Windows\Sun\Java\bin;C:\Windows\system32;C:\Windows;C:\ProgramData\Oracle\Java\javapath;C:\Windows\system32;C:\Windows;C:\Windows\System32\Wbem;C:\Windows\System32\WindowsPowerShell\v1.0\;D:\java\jdk1.8.0_151\bin;D:\java\jdk1.8.0_151\jre\bin;E:\MyApp\gradle-4.10.3\bin;E:\Program Files\nodejs\;E:\MyApp\apache-ant-1.10.5\bin;%E:\MyApp\apache-tomcat-9.0.14%\bin;%E:\MyApp\apache-tomcat-9.0.14%\lib;E:\MyApp\apache-maven-3.6.0\bin;d:\Anaconda3;d:\Anaconda3\Scripts;d:\Anaconda3\Library\bin;C:\Users\liyao\AppData\Roaming\npm;."/>
    <property name="java.vm.info" value="mixed mode"/>
    <property name="java.vendor" value="Oracle Corporation"/>
    <property name="java.vm.version" value="25.151-b12"/>
    <property name="java.ext.dirs" value="D:\java\jdk1.8.0_151\jre\lib\ext;C:\Windows\Sun\Java\lib\ext"/>
    <property name="sun.io.unicode.encoding" value="UnicodeLittle"/>
    <property name="java.class.version" value="52.0"/>
  </properties>
  <testcase name="shouldAnswerWithTrue" classname="com.freedom.AppTest" time="0"/>
</testsuite>